<?xml version="1.0" encoding="UTF-8"?>
<testng-results skipped="0" failed="0" total="1" passed="1">
  <reporter-output>
  </reporter-output>
  <suite name="Suite for planit test" duration-ms="54645" started-at="2021-07-12T01:43:01Z" finished-at="2021-07-12T01:43:56Z">
    <groups>
      <group name="cucumber">
        <method signature="AbstractTestNGCucumberTests.runScenario(io.cucumber.testng.PickleWrapper, io.cucumber.testng.FeatureWrapper)[pri:0, instance:Runner.TestRunner@67784306]" name="runScenario" class="io.cucumber.testng.AbstractTestNGCucumberTests"/>
      </group> <!-- cucumber -->
    </groups>
    <test name="Nopackage" duration-ms="54645" started-at="2021-07-12T01:43:01Z" finished-at="2021-07-12T01:43:56Z">
      <class name="Runner.TestRunner">
        <test-method status="PASS" signature="setUpClass()[pri:0, instance:Runner.TestRunner@67784306]" name="setUpClass" is-config="true" duration-ms="1179" started-at="2021-07-12T11:43:01Z" finished-at="2021-07-12T11:43:02Z">
          <reporter-output>
          </reporter-output>
        </test-method> <!-- setUpClass -->
        <test-method status="PASS" signature="runScenario(io.cucumber.testng.PickleWrapper, io.cucumber.testng.FeatureWrapper)[pri:0, instance:Runner.TestRunner@67784306]" name="runScenario" duration-ms="53346" started-at="2021-07-12T11:43:02Z" description="Runs Cucumber Scenarios" data-provider="scenarios" finished-at="2021-07-12T11:43:55Z">
          <params>
            <param index="0">
              <value>
                <![CDATA["TC3validtion of  error of mandatory field"]]>
              </value>
            </param>
            <param index="1">
              <value>
                <![CDATA["Optional[Test Application scenarios]"]]>
              </value>
            </param>
          </params>
          <reporter-output>
          </reporter-output>
        </test-method> <!-- runScenario -->
        <test-method status="PASS" signature="tearDownClass()[pri:0, instance:Runner.TestRunner@67784306]" name="tearDownClass" is-config="true" duration-ms="31" started-at="2021-07-12T11:43:55Z" finished-at="2021-07-12T11:43:56Z">
          <reporter-output>
          </reporter-output>
        </test-method> <!-- tearDownClass -->
      </class> <!-- Runner.TestRunner -->
    </test> <!-- Nopackage -->
  </suite> <!-- Suite for planit test -->
</testng-results>
