<?xml version="1.0" encoding="UTF-8"?>
<testng-results skipped="0" failed="0" total="4" passed="4">
  <reporter-output>
  </reporter-output>
  <suite name="Suite for planit test" duration-ms="113296" started-at="2021-07-12T02:08:20Z" finished-at="2021-07-12T02:10:13Z">
    <groups>
      <group name="cucumber">
        <method signature="AbstractTestNGCucumberTests.runScenario(io.cucumber.testng.PickleWrapper, io.cucumber.testng.FeatureWrapper)[pri:0, instance:Runner.TestRunner@67784306]" name="runScenario" class="io.cucumber.testng.AbstractTestNGCucumberTests"/>
      </group> <!-- cucumber -->
    </groups>
    <test name="Nopackage" duration-ms="113296" started-at="2021-07-12T02:08:20Z" finished-at="2021-07-12T02:10:13Z">
      <class name="Runner.TestRunner">
        <test-method status="PASS" signature="setUpClass()[pri:0, instance:Runner.TestRunner@67784306]" name="setUpClass" is-config="true" duration-ms="1034" started-at="2021-07-12T12:08:20Z" finished-at="2021-07-12T12:08:21Z">
          <reporter-output>
          </reporter-output>
        </test-method> <!-- setUpClass -->
        <test-method status="PASS" signature="runScenario(io.cucumber.testng.PickleWrapper, io.cucumber.testng.FeatureWrapper)[pri:0, instance:Runner.TestRunner@67784306]" name="runScenario" duration-ms="66172" started-at="2021-07-12T12:08:21Z" description="Runs Cucumber Scenarios" data-provider="scenarios" finished-at="2021-07-12T12:09:27Z">
          <params>
            <param index="0">
              <value>
                <![CDATA["TC01validtion of  error of mandatory field"]]>
              </value>
            </param>
            <param index="1">
              <value>
                <![CDATA["Optional[Test Application scenarios]"]]>
              </value>
            </param>
          </params>
          <reporter-output>
          </reporter-output>
        </test-method> <!-- runScenario -->
        <test-method status="PASS" signature="runScenario(io.cucumber.testng.PickleWrapper, io.cucumber.testng.FeatureWrapper)[pri:0, instance:Runner.TestRunner@67784306]" name="runScenario" duration-ms="23346" started-at="2021-07-12T12:09:27Z" description="Runs Cucumber Scenarios" data-provider="scenarios" finished-at="2021-07-12T12:09:51Z">
          <params>
            <param index="0">
              <value>
                <![CDATA["TC02 case for fill contact details with valid data"]]>
              </value>
            </param>
            <param index="1">
              <value>
                <![CDATA["Optional[Test Application scenarios]"]]>
              </value>
            </param>
          </params>
          <reporter-output>
          </reporter-output>
        </test-method> <!-- runScenario -->
        <test-method status="PASS" signature="runScenario(io.cucumber.testng.PickleWrapper, io.cucumber.testng.FeatureWrapper)[pri:0, instance:Runner.TestRunner@67784306]" name="runScenario" duration-ms="11177" started-at="2021-07-12T12:09:51Z" description="Runs Cucumber Scenarios" data-provider="scenarios" finished-at="2021-07-12T12:10:02Z">
          <params>
            <param index="0">
              <value>
                <![CDATA["TC3validtion of  error of mandatory field"]]>
              </value>
            </param>
            <param index="1">
              <value>
                <![CDATA["Optional[Test Application scenarios]"]]>
              </value>
            </param>
          </params>
          <reporter-output>
          </reporter-output>
        </test-method> <!-- runScenario -->
        <test-method status="PASS" signature="runScenario(io.cucumber.testng.PickleWrapper, io.cucumber.testng.FeatureWrapper)[pri:0, instance:Runner.TestRunner@67784306]" name="runScenario" duration-ms="11499" started-at="2021-07-12T12:10:02Z" description="Runs Cucumber Scenarios" data-provider="scenarios" finished-at="2021-07-12T12:10:13Z">
          <params>
            <param index="0">
              <value>
                <![CDATA["TC3validtion of  error of mandatory field"]]>
              </value>
            </param>
            <param index="1">
              <value>
                <![CDATA["Optional[Test Application scenarios]"]]>
              </value>
            </param>
          </params>
          <reporter-output>
          </reporter-output>
        </test-method> <!-- runScenario -->
        <test-method status="PASS" signature="tearDownClass()[pri:0, instance:Runner.TestRunner@67784306]" name="tearDownClass" is-config="true" duration-ms="24" started-at="2021-07-12T12:10:13Z" finished-at="2021-07-12T12:10:13Z">
          <reporter-output>
          </reporter-output>
        </test-method> <!-- tearDownClass -->
      </class> <!-- Runner.TestRunner -->
    </test> <!-- Nopackage -->
  </suite> <!-- Suite for planit test -->
</testng-results>
